mode: count
github.com/AliyunContainerService/kube-eventer/common/elasticsearch/esVersionManager.go:30.42,32.2 1 0
github.com/AliyunContainerService/kube-eventer/common/elasticsearch/esVersionManager.go:43.32,45.2 1 0
github.com/AliyunContainerService/kube-eventer/common/elasticsearch/esVersionManager.go:46.113,48.16 2 4
github.com/AliyunContainerService/kube-eventer/common/elasticsearch/esVersionManager.go:51.2,59.16 2 4
github.com/AliyunContainerService/kube-eventer/common/elasticsearch/esVersionManager.go:62.2,62.95 1 4
github.com/AliyunContainerService/kube-eventer/common/elasticsearch/esVersionManager.go:48.16,50.3 1 0
github.com/AliyunContainerService/kube-eventer/common/elasticsearch/esVersionManager.go:59.16,61.3 1 0
github.com/AliyunContainerService/kube-eventer/common/elasticsearch/esVersionManager.go:64.96,66.16 2 2
github.com/AliyunContainerService/kube-eventer/common/elasticsearch/esVersionManager.go:69.2,77.16 2 2
github.com/AliyunContainerService/kube-eventer/common/elasticsearch/esVersionManager.go:80.2,80.75 1 2
github.com/AliyunContainerService/kube-eventer/common/elasticsearch/esVersionManager.go:66.16,68.3 1 0
github.com/AliyunContainerService/kube-eventer/common/elasticsearch/esVersionManager.go:77.16,79.3 1 0
github.com/AliyunContainerService/kube-eventer/common/elasticsearch/esVersionManager.go:83.66,84.20 1 0
github.com/AliyunContainerService/kube-eventer/common/elasticsearch/esVersionManager.go:85.9,86.50 1 0
github.com/AliyunContainerService/kube-eventer/common/elasticsearch/esVersionManager.go:87.9,88.70 1 0
github.com/AliyunContainerService/kube-eventer/common/elasticsearch/esVersionManager.go:89.10,90.37 1 0
github.com/AliyunContainerService/kube-eventer/common/elasticsearch/esVersionManager.go:94.83,95.20 1 0
github.com/AliyunContainerService/kube-eventer/common/elasticsearch/esVersionManager.go:96.9,97.64 1 0
github.com/AliyunContainerService/kube-eventer/common/elasticsearch/esVersionManager.go:98.9,99.84 1 0
github.com/AliyunContainerService/kube-eventer/common/elasticsearch/esVersionManager.go:100.10,101.35 1 0
github.com/AliyunContainerService/kube-eventer/common/elasticsearch/esVersionManager.go:105.67,106.20 1 0
github.com/AliyunContainerService/kube-eventer/common/elasticsearch/esVersionManager.go:107.9,108.49 1 0
github.com/AliyunContainerService/kube-eventer/common/elasticsearch/esVersionManager.go:109.9,110.69 1 0
github.com/AliyunContainerService/kube-eventer/common/elasticsearch/esVersionManager.go:111.10,112.35 1 0
github.com/AliyunContainerService/kube-eventer/common/elasticsearch/esVersionManager.go:116.79,117.20 1 0
github.com/AliyunContainerService/kube-eventer/common/elasticsearch/esVersionManager.go:118.9,119.52 1 0
github.com/AliyunContainerService/kube-eventer/common/elasticsearch/esVersionManager.go:120.9,121.72 1 0
github.com/AliyunContainerService/kube-eventer/common/elasticsearch/esVersionManager.go:122.10,123.35 1 0
github.com/AliyunContainerService/kube-eventer/common/elasticsearch/esVersionManager.go:127.80,128.20 1 0
github.com/AliyunContainerService/kube-eventer/common/elasticsearch/esVersionManager.go:129.9,135.13 2 0
github.com/AliyunContainerService/kube-eventer/common/elasticsearch/esVersionManager.go:136.9,142.24 2 0
github.com/AliyunContainerService/kube-eventer/common/elasticsearch/esVersionManager.go:146.3,147.13 2 0
github.com/AliyunContainerService/kube-eventer/common/elasticsearch/esVersionManager.go:148.10,149.30 1 0
github.com/AliyunContainerService/kube-eventer/common/elasticsearch/esVersionManager.go:142.24,144.4 1 0
github.com/AliyunContainerService/kube-eventer/common/elasticsearch/esVersionManager.go:153.39,154.20 1 0
github.com/AliyunContainerService/kube-eventer/common/elasticsearch/esVersionManager.go:155.9,156.36 1 0
github.com/AliyunContainerService/kube-eventer/common/elasticsearch/esVersionManager.go:157.9,158.36 1 0
github.com/AliyunContainerService/kube-eventer/common/elasticsearch/esVersionManager.go:159.10,160.30 1 0
github.com/AliyunContainerService/kube-eventer/common/elasticsearch/esVersionManager.go:164.104,165.16 1 0
github.com/AliyunContainerService/kube-eventer/common/elasticsearch/esVersionManager.go:169.2,169.21 1 0
github.com/AliyunContainerService/kube-eventer/common/elasticsearch/esVersionManager.go:165.16,167.3 1 0
github.com/AliyunContainerService/kube-eventer/common/elasticsearch/esVersionManager.go:169.21,170.39 1 0
github.com/AliyunContainerService/kube-eventer/common/elasticsearch/esVersionManager.go:170.39,171.32 1 0
github.com/AliyunContainerService/kube-eventer/common/elasticsearch/esVersionManager.go:171.32,172.25 1 0
github.com/AliyunContainerService/kube-eventer/common/elasticsearch/esVersionManager.go:172.25,174.6 1 0
github.com/AliyunContainerService/kube-eventer/common/elasticsearch/esVersionManager.go:179.101,180.16 1 0
github.com/AliyunContainerService/kube-eventer/common/elasticsearch/esVersionManager.go:184.2,184.21 1 0
github.com/AliyunContainerService/kube-eventer/common/elasticsearch/esVersionManager.go:180.16,182.3 1 0
github.com/AliyunContainerService/kube-eventer/common/elasticsearch/esVersionManager.go:184.21,185.39 1 0
github.com/AliyunContainerService/kube-eventer/common/elasticsearch/esVersionManager.go:185.39,186.32 1 0
github.com/AliyunContainerService/kube-eventer/common/elasticsearch/esVersionManager.go:186.32,187.25 1 0
github.com/AliyunContainerService/kube-eventer/common/elasticsearch/esVersionManager.go:187.25,189.6 1 0
github.com/AliyunContainerService/kube-eventer/common/elasticsearch/mapping.go:22.67,24.2 1 4
github.com/AliyunContainerService/kube-eventer/common/elasticsearch/mapping.go:25.64,27.59 2 4
github.com/AliyunContainerService/kube-eventer/common/elasticsearch/mapping.go:39.2,50.3 1 4
github.com/AliyunContainerService/kube-eventer/common/elasticsearch/mapping.go:27.59,37.3 1 35
github.com/AliyunContainerService/kube-eventer/common/elasticsearch/mapping.go:53.74,156.2 1 5
github.com/AliyunContainerService/kube-eventer/common/elasticsearch/aws.go:30.83,32.2 1 0
github.com/AliyunContainerService/kube-eventer/common/elasticsearch/aws.go:34.46,36.14 2 0
github.com/AliyunContainerService/kube-eventer/common/elasticsearch/aws.go:40.2,41.18 2 0
github.com/AliyunContainerService/kube-eventer/common/elasticsearch/aws.go:45.2,45.30 1 0
github.com/AliyunContainerService/kube-eventer/common/elasticsearch/aws.go:50.2,57.74 2 0
github.com/AliyunContainerService/kube-eventer/common/elasticsearch/aws.go:36.14,38.3 1 0
github.com/AliyunContainerService/kube-eventer/common/elasticsearch/aws.go:41.18,43.3 1 0
github.com/AliyunContainerService/kube-eventer/common/elasticsearch/aws.go:45.30,48.3 1 0
github.com/AliyunContainerService/kube-eventer/common/elasticsearch/elasticsearch.go:42.65,44.2 1 0
github.com/AliyunContainerService/kube-eventer/common/elasticsearch/elasticsearch.go:45.71,47.2 1 0
github.com/AliyunContainerService/kube-eventer/common/elasticsearch/elasticsearch.go:49.54,51.2 1 0
github.com/AliyunContainerService/kube-eventer/common/elasticsearch/elasticsearch.go:54.108,55.42 1 0
github.com/AliyunContainerService/kube-eventer/common/elasticsearch/elasticsearch.go:59.2,63.16 3 0
github.com/AliyunContainerService/kube-eventer/common/elasticsearch/elasticsearch.go:67.2,67.13 1 0
github.com/AliyunContainerService/kube-eventer/common/elasticsearch/elasticsearch.go:86.2,87.16 2 0
github.com/AliyunContainerService/kube-eventer/common/elasticsearch/elasticsearch.go:90.2,93.29 3 0
github.com/AliyunContainerService/kube-eventer/common/elasticsearch/elasticsearch.go:99.2,99.15 1 0
github.com/AliyunContainerService/kube-eventer/common/elasticsearch/elasticsearch.go:117.2,117.32 1 0
github.com/AliyunContainerService/kube-eventer/common/elasticsearch/elasticsearch.go:121.2,121.12 1 0
github.com/AliyunContainerService/kube-eventer/common/elasticsearch/elasticsearch.go:55.42,57.3 1 0
github.com/AliyunContainerService/kube-eventer/common/elasticsearch/elasticsearch.go:63.16,65.3 1 0
github.com/AliyunContainerService/kube-eventer/common/elasticsearch/elasticsearch.go:67.13,70.17 2 0
github.com/AliyunContainerService/kube-eventer/common/elasticsearch/elasticsearch.go:74.3,75.34 2 0
github.com/AliyunContainerService/kube-eventer/common/elasticsearch/elasticsearch.go:81.3,81.11 1 0
github.com/AliyunContainerService/kube-eventer/common/elasticsearch/elasticsearch.go:70.17,72.4 1 0
github.com/AliyunContainerService/kube-eventer/common/elasticsearch/elasticsearch.go:76.38,77.24 1 0
github.com/AliyunContainerService/kube-eventer/common/elasticsearch/elasticsearch.go:78.38,79.24 1 0
github.com/AliyunContainerService/kube-eventer/common/elasticsearch/elasticsearch.go:81.11,83.4 1 0
github.com/AliyunContainerService/kube-eventer/common/elasticsearch/elasticsearch.go:87.16,89.3 1 0
github.com/AliyunContainerService/kube-eventer/common/elasticsearch/elasticsearch.go:94.31,95.54 1 0
github.com/AliyunContainerService/kube-eventer/common/elasticsearch/elasticsearch.go:96.31,97.54 1 0
github.com/AliyunContainerService/kube-eventer/common/elasticsearch/elasticsearch.go:99.15,101.17 2 0
github.com/AliyunContainerService/kube-eventer/common/elasticsearch/elasticsearch.go:105.3,106.34 2 0
github.com/AliyunContainerService/kube-eventer/common/elasticsearch/elasticsearch.go:112.3,112.11 1 0
github.com/AliyunContainerService/kube-eventer/common/elasticsearch/elasticsearch.go:101.17,103.4 1 0
github.com/AliyunContainerService/kube-eventer/common/elasticsearch/elasticsearch.go:107.30,108.24 1 0
github.com/AliyunContainerService/kube-eventer/common/elasticsearch/elasticsearch.go:109.30,110.24 1 0
github.com/AliyunContainerService/kube-eventer/common/elasticsearch/elasticsearch.go:112.11,114.4 1 0
github.com/AliyunContainerService/kube-eventer/common/elasticsearch/elasticsearch.go:117.32,119.3 1 0
github.com/AliyunContainerService/kube-eventer/common/elasticsearch/elasticsearch.go:126.78,130.16 3 6
github.com/AliyunContainerService/kube-eventer/common/elasticsearch/elasticsearch.go:134.2,135.26 2 6
github.com/AliyunContainerService/kube-eventer/common/elasticsearch/elasticsearch.go:142.2,143.35 2 6
github.com/AliyunContainerService/kube-eventer/common/elasticsearch/elasticsearch.go:148.2,149.28 2 6
github.com/AliyunContainerService/kube-eventer/common/elasticsearch/elasticsearch.go:153.2,158.28 3 6
github.com/AliyunContainerService/kube-eventer/common/elasticsearch/elasticsearch.go:170.2,170.66 1 6
github.com/AliyunContainerService/kube-eventer/common/elasticsearch/elasticsearch.go:175.2,175.33 1 6
github.com/AliyunContainerService/kube-eventer/common/elasticsearch/elasticsearch.go:184.2,184.34 1 6
github.com/AliyunContainerService/kube-eventer/common/elasticsearch/elasticsearch.go:193.2,193.48 1 6
github.com/AliyunContainerService/kube-eventer/common/elasticsearch/elasticsearch.go:202.2,203.81 1 6
github.com/AliyunContainerService/kube-eventer/common/elasticsearch/elasticsearch.go:224.2,225.34 2 6
github.com/AliyunContainerService/kube-eventer/common/elasticsearch/elasticsearch.go:232.2,233.31 2 6
github.com/AliyunContainerService/kube-eventer/common/elasticsearch/elasticsearch.go:237.2,237.17 1 6
github.com/AliyunContainerService/kube-eventer/common/elasticsearch/elasticsearch.go:245.2,245.16 1 6
github.com/AliyunContainerService/kube-eventer/common/elasticsearch/elasticsearch.go:249.2,251.20 2 6
github.com/AliyunContainerService/kube-eventer/common/elasticsearch/elasticsearch.go:130.16,132.3 1 0
github.com/AliyunContainerService/kube-eventer/common/elasticsearch/elasticsearch.go:135.26,137.17 2 3
github.com/AliyunContainerService/kube-eventer/common/elasticsearch/elasticsearch.go:137.17,139.4 1 0
github.com/AliyunContainerService/kube-eventer/common/elasticsearch/elasticsearch.go:143.35,145.3 1 4
github.com/AliyunContainerService/kube-eventer/common/elasticsearch/elasticsearch.go:149.28,151.3 1 0
github.com/AliyunContainerService/kube-eventer/common/elasticsearch/elasticsearch.go:158.28,161.3 2 4
github.com/AliyunContainerService/kube-eventer/common/elasticsearch/elasticsearch.go:161.8,161.47 1 2
github.com/AliyunContainerService/kube-eventer/common/elasticsearch/elasticsearch.go:161.47,164.3 2 2
github.com/AliyunContainerService/kube-eventer/common/elasticsearch/elasticsearch.go:164.8,166.3 1 0
github.com/AliyunContainerService/kube-eventer/common/elasticsearch/elasticsearch.go:170.66,173.3 2 5
github.com/AliyunContainerService/kube-eventer/common/elasticsearch/elasticsearch.go:175.33,177.17 2 2
github.com/AliyunContainerService/kube-eventer/common/elasticsearch/elasticsearch.go:180.3,181.74 2 2
github.com/AliyunContainerService/kube-eventer/common/elasticsearch/elasticsearch.go:177.17,179.4 1 0
github.com/AliyunContainerService/kube-eventer/common/elasticsearch/elasticsearch.go:184.34,186.17 2 6
github.com/AliyunContainerService/kube-eventer/common/elasticsearch/elasticsearch.go:189.3,190.76 2 6
github.com/AliyunContainerService/kube-eventer/common/elasticsearch/elasticsearch.go:186.17,188.4 1 0
github.com/AliyunContainerService/kube-eventer/common/elasticsearch/elasticsearch.go:193.48,195.17 2 5
github.com/AliyunContainerService/kube-eventer/common/elasticsearch/elasticsearch.go:198.3,199.86 2 5
github.com/AliyunContainerService/kube-eventer/common/elasticsearch/elasticsearch.go:195.17,197.4 1 0
github.com/AliyunContainerService/kube-eventer/common/elasticsearch/elasticsearch.go:203.81,207.17 3 0
github.com/AliyunContainerService/kube-eventer/common/elasticsearch/elasticsearch.go:211.3,212.99 2 0
github.com/AliyunContainerService/kube-eventer/common/elasticsearch/elasticsearch.go:207.17,209.4 1 0
github.com/AliyunContainerService/kube-eventer/common/elasticsearch/elasticsearch.go:213.8,214.29 1 6
github.com/AliyunContainerService/kube-eventer/common/elasticsearch/elasticsearch.go:214.29,216.18 2 6
github.com/AliyunContainerService/kube-eventer/common/elasticsearch/elasticsearch.go:219.4,220.65 2 6
github.com/AliyunContainerService/kube-eventer/common/elasticsearch/elasticsearch.go:216.18,218.5 1 0
github.com/AliyunContainerService/kube-eventer/common/elasticsearch/elasticsearch.go:225.34,227.17 2 0
github.com/AliyunContainerService/kube-eventer/common/elasticsearch/elasticsearch.go:227.17,229.4 1 0
github.com/AliyunContainerService/kube-eventer/common/elasticsearch/elasticsearch.go:233.31,235.3 1 1
github.com/AliyunContainerService/kube-eventer/common/elasticsearch/elasticsearch.go:238.9,239.65 1 2
github.com/AliyunContainerService/kube-eventer/common/elasticsearch/elasticsearch.go:240.9,241.75 1 4
github.com/AliyunContainerService/kube-eventer/common/elasticsearch/elasticsearch.go:242.10,243.35 1 0
github.com/AliyunContainerService/kube-eventer/common/elasticsearch/elasticsearch.go:245.16,247.3 1 0
github.com/AliyunContainerService/kube-eventer/common/flags/flags.go:30.31,32.15 2 5
github.com/AliyunContainerService/kube-eventer/common/flags/flags.go:35.2,35.41 1 2
github.com/AliyunContainerService/kube-eventer/common/flags/flags.go:32.15,34.3 1 3
github.com/AliyunContainerService/kube-eventer/common/flags/flags.go:38.39,40.16 2 13
github.com/AliyunContainerService/kube-eventer/common/flags/flags.go:43.2,44.30 2 8
github.com/AliyunContainerService/kube-eventer/common/flags/flags.go:52.2,52.12 1 7
github.com/AliyunContainerService/kube-eventer/common/flags/flags.go:40.16,42.3 1 5
github.com/AliyunContainerService/kube-eventer/common/flags/flags.go:44.30,47.17 3 4
github.com/AliyunContainerService/kube-eventer/common/flags/flags.go:50.3,50.15 1 3
github.com/AliyunContainerService/kube-eventer/common/flags/flags.go:47.17,49.4 1 1
github.com/AliyunContainerService/kube-eventer/common/flags/flags.go:57.33,60.24 3 2
github.com/AliyunContainerService/kube-eventer/common/flags/flags.go:66.2,67.19 2 2
github.com/AliyunContainerService/kube-eventer/common/flags/flags.go:60.24,61.12 1 3
github.com/AliyunContainerService/kube-eventer/common/flags/flags.go:64.3,64.28 1 3
github.com/AliyunContainerService/kube-eventer/common/flags/flags.go:61.12,63.4 1 1
github.com/AliyunContainerService/kube-eventer/common/flags/flags.go:70.41,72.37 2 5
github.com/AliyunContainerService/kube-eventer/common/flags/flags.go:75.2,76.12 2 3
github.com/AliyunContainerService/kube-eventer/common/flags/flags.go:72.37,74.3 1 2
github.com/AliyunContainerService/kube-eventer/common/flags/flags.go:79.31,81.2 1 0
github.com/AliyunContainerService/kube-eventer/common/honeycomb/dummy_honeycomb.go:25.52,27.2 1 0
github.com/AliyunContainerService/kube-eventer/common/honeycomb/dummy_honeycomb.go:29.65,30.35 1 0
github.com/AliyunContainerService/kube-eventer/common/honeycomb/dummy_honeycomb.go:33.2,33.12 1 0
github.com/AliyunContainerService/kube-eventer/common/honeycomb/dummy_honeycomb.go:30.35,32.3 1 0
github.com/AliyunContainerService/kube-eventer/common/honeycomb/honeycomb.go:38.49,47.32 3 2
github.com/AliyunContainerService/kube-eventer/common/honeycomb/honeycomb.go:51.2,51.31 1 2
github.com/AliyunContainerService/kube-eventer/common/honeycomb/honeycomb.go:55.2,55.31 1 2
github.com/AliyunContainerService/kube-eventer/common/honeycomb/honeycomb.go:59.2,59.27 1 2
github.com/AliyunContainerService/kube-eventer/common/honeycomb/honeycomb.go:63.2,63.20 1 2
github.com/AliyunContainerService/kube-eventer/common/honeycomb/honeycomb.go:47.32,49.3 1 2
github.com/AliyunContainerService/kube-eventer/common/honeycomb/honeycomb.go:51.31,53.3 1 2
github.com/AliyunContainerService/kube-eventer/common/honeycomb/honeycomb.go:55.31,57.3 1 2
github.com/AliyunContainerService/kube-eventer/common/honeycomb/honeycomb.go:59.27,61.3 1 0
github.com/AliyunContainerService/kube-eventer/common/honeycomb/honeycomb.go:75.56,77.16 2 1
github.com/AliyunContainerService/kube-eventer/common/honeycomb/honeycomb.go:80.2,80.47 1 1
github.com/AliyunContainerService/kube-eventer/common/honeycomb/honeycomb.go:77.16,79.3 1 0
github.com/AliyunContainerService/kube-eventer/common/honeycomb/honeycomb.go:90.56,91.21 1 1
github.com/AliyunContainerService/kube-eventer/common/honeycomb/honeycomb.go:95.2,97.16 3 1
github.com/AliyunContainerService/kube-eventer/common/honeycomb/honeycomb.go:100.2,101.16 2 1
github.com/AliyunContainerService/kube-eventer/common/honeycomb/honeycomb.go:104.2,104.12 1 1
github.com/AliyunContainerService/kube-eventer/common/honeycomb/honeycomb.go:91.21,94.3 1 0
github.com/AliyunContainerService/kube-eventer/common/honeycomb/honeycomb.go:97.16,99.3 1 0
github.com/AliyunContainerService/kube-eventer/common/honeycomb/honeycomb.go:101.16,103.3 1 0
github.com/AliyunContainerService/kube-eventer/common/honeycomb/honeycomb.go:107.61,109.16 2 1
github.com/AliyunContainerService/kube-eventer/common/honeycomb/honeycomb.go:112.2,118.16 6 1
github.com/AliyunContainerService/kube-eventer/common/honeycomb/honeycomb.go:122.2,124.12 3 1
github.com/AliyunContainerService/kube-eventer/common/honeycomb/honeycomb.go:109.16,111.3 1 0
github.com/AliyunContainerService/kube-eventer/common/honeycomb/honeycomb.go:118.16,121.3 2 0
github.com/AliyunContainerService/kube-eventer/common/librato/dummy_librato.go:25.48,27.2 1 1
github.com/AliyunContainerService/kube-eventer/common/librato/dummy_librato.go:29.74,30.43 1 0
github.com/AliyunContainerService/kube-eventer/common/librato/dummy_librato.go:33.2,33.12 1 0
github.com/AliyunContainerService/kube-eventer/common/librato/dummy_librato.go:30.43,32.3 1 0
github.com/AliyunContainerService/kube-eventer/common/librato/librato.go:49.65,54.16 2 2
github.com/AliyunContainerService/kube-eventer/common/librato/librato.go:57.2,62.16 2 2
github.com/AliyunContainerService/kube-eventer/common/librato/librato.go:65.2,69.12 5 2
github.com/AliyunContainerService/kube-eventer/common/librato/librato.go:54.16,56.3 1 0
github.com/AliyunContainerService/kube-eventer/common/librato/librato.go:62.16,64.3 1 0
github.com/AliyunContainerService/kube-eventer/common/librato/librato.go:80.48,94.2 4 2
github.com/AliyunContainerService/kube-eventer/common/librato/librato.go:96.56,100.32 3 2
github.com/AliyunContainerService/kube-eventer/common/librato/librato.go:106.2,106.29 1 2
github.com/AliyunContainerService/kube-eventer/common/librato/librato.go:111.2,111.27 1 2
github.com/AliyunContainerService/kube-eventer/common/librato/librato.go:114.2,114.30 1 2
github.com/AliyunContainerService/kube-eventer/common/librato/librato.go:121.2,121.28 1 2
github.com/AliyunContainerService/kube-eventer/common/librato/librato.go:133.2,133.21 1 2
github.com/AliyunContainerService/kube-eventer/common/librato/librato.go:100.32,102.3 1 2
github.com/AliyunContainerService/kube-eventer/common/librato/librato.go:102.8,104.3 1 0
github.com/AliyunContainerService/kube-eventer/common/librato/librato.go:106.29,108.3 1 2
github.com/AliyunContainerService/kube-eventer/common/librato/librato.go:108.8,110.3 1 0
github.com/AliyunContainerService/kube-eventer/common/librato/librato.go:111.27,113.3 1 2
github.com/AliyunContainerService/kube-eventer/common/librato/librato.go:114.30,117.45 2 0
github.com/AliyunContainerService/kube-eventer/common/librato/librato.go:117.45,119.4 1 0
github.com/AliyunContainerService/kube-eventer/common/librato/librato.go:121.28,126.36 3 1
github.com/AliyunContainerService/kube-eventer/common/librato/librato.go:126.36,127.43 1 2
github.com/AliyunContainerService/kube-eventer/common/librato/librato.go:127.43,129.5 1 1
github.com/AliyunContainerService/kube-eventer/manager/manager.go:39.13,41.2 1 1
github.com/AliyunContainerService/kube-eventer/manager/manager.go:55.105,64.2 2 1
github.com/AliyunContainerService/kube-eventer/manager/manager.go:66.32,68.2 1 1
github.com/AliyunContainerService/kube-eventer/manager/manager.go:70.31,72.2 1 1
github.com/AliyunContainerService/kube-eventer/manager/manager.go:74.36,75.6 1 1
github.com/AliyunContainerService/kube-eventer/manager/manager.go:75.6,82.10 5 6
github.com/AliyunContainerService/kube-eventer/manager/manager.go:83.37,84.18 1 5
github.com/AliyunContainerService/kube-eventer/manager/manager.go:85.22,87.10 2 1
github.com/AliyunContainerService/kube-eventer/manager/manager.go:92.36,93.15 1 5
github.com/AliyunContainerService/kube-eventer/manager/manager.go:97.2,103.30 4 5
github.com/AliyunContainerService/kube-eventer/manager/manager.go:93.15,95.3 1 5
github.com/AliyunContainerService/kube-eventer/sinks/dingtalk/markdownMsgBuilder.go:31.91,43.35 6 7
github.com/AliyunContainerService/kube-eventer/sinks/dingtalk/markdownMsgBuilder.go:79.2,83.11 5 7
github.com/AliyunContainerService/kube-eventer/sinks/dingtalk/markdownMsgBuilder.go:44.20,48.8 4 2
github.com/AliyunContainerService/kube-eventer/sinks/dingtalk/markdownMsgBuilder.go:49.13,53.8 4 1
github.com/AliyunContainerService/kube-eventer/sinks/dingtalk/markdownMsgBuilder.go:54.21,58.8 4 1
github.com/AliyunContainerService/kube-eventer/sinks/dingtalk/markdownMsgBuilder.go:59.19,63.8 4 1
github.com/AliyunContainerService/kube-eventer/sinks/dingtalk/markdownMsgBuilder.go:64.17,68.8 4 1
github.com/AliyunContainerService/kube-eventer/sinks/dingtalk/markdownMsgBuilder.go:69.17,73.8 4 1
github.com/AliyunContainerService/kube-eventer/sinks/dingtalk/markdownMsgBuilder.go:75.10,77.8 2 0
github.com/AliyunContainerService/kube-eventer/sinks/dingtalk/markdownMsgBuilder.go:88.40,89.60 1 8
github.com/AliyunContainerService/kube-eventer/sinks/dingtalk/markdownMsgBuilder.go:92.2,92.10 1 8
github.com/AliyunContainerService/kube-eventer/sinks/dingtalk/markdownMsgBuilder.go:89.60,91.3 1 1
github.com/AliyunContainerService/kube-eventer/sinks/dingtalk/markdownMsgBuilder.go:95.57,96.21 1 6
github.com/AliyunContainerService/kube-eventer/sinks/dingtalk/markdownMsgBuilder.go:96.21,97.41 1 6
github.com/AliyunContainerService/kube-eventer/sinks/dingtalk/markdownMsgBuilder.go:97.41,99.4 1 11
github.com/AliyunContainerService/kube-eventer/sinks/dingtalk/markdownMsgBuilder.go:104.45,106.2 1 7
github.com/AliyunContainerService/kube-eventer/sinks/dingtalk/dingtalk.go:91.38,93.2 1 0
github.com/AliyunContainerService/kube-eventer/sinks/dingtalk/dingtalk.go:95.32,97.2 0 0
github.com/AliyunContainerService/kube-eventer/sinks/dingtalk/dingtalk.go:99.61,100.37 1 0
github.com/AliyunContainerService/kube-eventer/sinks/dingtalk/dingtalk.go:100.37,101.42 1 0
github.com/AliyunContainerService/kube-eventer/sinks/dingtalk/dingtalk.go:101.42,105.4 2 0
github.com/AliyunContainerService/kube-eventer/sinks/dingtalk/dingtalk.go:109.65,111.22 2 0
github.com/AliyunContainerService/kube-eventer/sinks/dingtalk/dingtalk.go:114.2,114.14 1 0
github.com/AliyunContainerService/kube-eventer/sinks/dingtalk/dingtalk.go:111.22,113.3 1 0
github.com/AliyunContainerService/kube-eventer/sinks/dingtalk/dingtalk.go:117.46,118.25 1 0
github.com/AliyunContainerService/kube-eventer/sinks/dingtalk/dingtalk.go:131.2,131.20 1 0
github.com/AliyunContainerService/kube-eventer/sinks/dingtalk/dingtalk.go:144.2,145.16 2 0
github.com/AliyunContainerService/kube-eventer/sinks/dingtalk/dingtalk.go:150.2,151.16 2 0
github.com/AliyunContainerService/kube-eventer/sinks/dingtalk/dingtalk.go:156.2,159.16 3 0
github.com/AliyunContainerService/kube-eventer/sinks/dingtalk/dingtalk.go:163.2,163.53 1 0
github.com/AliyunContainerService/kube-eventer/sinks/dingtalk/dingtalk.go:118.25,120.42 2 0
github.com/AliyunContainerService/kube-eventer/sinks/dingtalk/dingtalk.go:126.3,126.11 1 0
github.com/AliyunContainerService/kube-eventer/sinks/dingtalk/dingtalk.go:120.42,121.36 1 0
github.com/AliyunContainerService/kube-eventer/sinks/dingtalk/dingtalk.go:121.36,123.10 2 0
github.com/AliyunContainerService/kube-eventer/sinks/dingtalk/dingtalk.go:126.11,128.4 1 0
github.com/AliyunContainerService/kube-eventer/sinks/dingtalk/dingtalk.go:131.20,133.32 2 0
github.com/AliyunContainerService/kube-eventer/sinks/dingtalk/dingtalk.go:139.3,139.11 1 0
github.com/AliyunContainerService/kube-eventer/sinks/dingtalk/dingtalk.go:133.32,134.41 1 0
github.com/AliyunContainerService/kube-eventer/sinks/dingtalk/dingtalk.go:134.41,136.10 2 0
github.com/AliyunContainerService/kube-eventer/sinks/dingtalk/dingtalk.go:139.11,141.4 1 0
github.com/AliyunContainerService/kube-eventer/sinks/dingtalk/dingtalk.go:145.16,148.3 2 0
github.com/AliyunContainerService/kube-eventer/sinks/dingtalk/dingtalk.go:151.16,154.3 2 0
github.com/AliyunContainerService/kube-eventer/sinks/dingtalk/dingtalk.go:159.16,162.3 2 0
github.com/AliyunContainerService/kube-eventer/sinks/dingtalk/dingtalk.go:163.53,166.3 2 0
github.com/AliyunContainerService/kube-eventer/sinks/dingtalk/dingtalk.go:169.33,171.15 2 5
github.com/AliyunContainerService/kube-eventer/sinks/dingtalk/dingtalk.go:179.2,179.14 1 5
github.com/AliyunContainerService/kube-eventer/sinks/dingtalk/dingtalk.go:172.27,173.13 1 1
github.com/AliyunContainerService/kube-eventer/sinks/dingtalk/dingtalk.go:174.26,175.13 1 3
github.com/AliyunContainerService/kube-eventer/sinks/dingtalk/dingtalk.go:176.10,176.10 0 1
github.com/AliyunContainerService/kube-eventer/sinks/dingtalk/dingtalk.go:182.72,186.21 3 2
github.com/AliyunContainerService/kube-eventer/sinks/dingtalk/dingtalk.go:216.2,216.12 1 2
github.com/AliyunContainerService/kube-eventer/sinks/dingtalk/dingtalk.go:188.25,190.43 2 1
github.com/AliyunContainerService/kube-eventer/sinks/dingtalk/dingtalk.go:193.3,198.8 2 1
github.com/AliyunContainerService/kube-eventer/sinks/dingtalk/dingtalk.go:200.10,204.24 2 1
github.com/AliyunContainerService/kube-eventer/sinks/dingtalk/dingtalk.go:210.3,213.8 2 1
github.com/AliyunContainerService/kube-eventer/sinks/dingtalk/dingtalk.go:190.43,192.4 1 1
github.com/AliyunContainerService/kube-eventer/sinks/dingtalk/dingtalk.go:204.24,205.35 1 1
github.com/AliyunContainerService/kube-eventer/sinks/dingtalk/dingtalk.go:205.35,207.5 1 1
github.com/AliyunContainerService/kube-eventer/sinks/dingtalk/dingtalk.go:247.59,251.23 2 2
github.com/AliyunContainerService/kube-eventer/sinks/dingtalk/dingtalk.go:254.2,256.36 2 2
github.com/AliyunContainerService/kube-eventer/sinks/dingtalk/dingtalk.go:262.2,262.29 1 2
github.com/AliyunContainerService/kube-eventer/sinks/dingtalk/dingtalk.go:267.2,267.29 1 2
github.com/AliyunContainerService/kube-eventer/sinks/dingtalk/dingtalk.go:271.2,271.52 1 2
github.com/AliyunContainerService/kube-eventer/sinks/dingtalk/dingtalk.go:278.2,278.58 1 2
github.com/AliyunContainerService/kube-eventer/sinks/dingtalk/dingtalk.go:282.2,282.48 1 2
github.com/AliyunContainerService/kube-eventer/sinks/dingtalk/dingtalk.go:286.2,291.15 3 2
github.com/AliyunContainerService/kube-eventer/sinks/dingtalk/dingtalk.go:251.23,253.3 1 0
github.com/AliyunContainerService/kube-eventer/sinks/dingtalk/dingtalk.go:256.36,258.3 1 2
github.com/AliyunContainerService/kube-eventer/sinks/dingtalk/dingtalk.go:258.8,260.3 1 0
github.com/AliyunContainerService/kube-eventer/sinks/dingtalk/dingtalk.go:262.29,264.3 1 2
github.com/AliyunContainerService/kube-eventer/sinks/dingtalk/dingtalk.go:267.29,269.3 1 2
github.com/AliyunContainerService/kube-eventer/sinks/dingtalk/dingtalk.go:271.52,273.3 1 1
github.com/AliyunContainerService/kube-eventer/sinks/dingtalk/dingtalk.go:273.8,276.3 1 1
github.com/AliyunContainerService/kube-eventer/sinks/dingtalk/dingtalk.go:278.58,280.3 1 1
github.com/AliyunContainerService/kube-eventer/sinks/dingtalk/dingtalk.go:282.48,284.3 1 1
github.com/AliyunContainerService/kube-eventer/sinks/dingtalk/dingtalk.go:294.37,295.17 1 4
github.com/AliyunContainerService/kube-eventer/sinks/dingtalk/dingtalk.go:301.2,301.12 1 4
github.com/AliyunContainerService/kube-eventer/sinks/dingtalk/dingtalk.go:295.17,296.21 1 0
github.com/AliyunContainerService/kube-eventer/sinks/dingtalk/dingtalk.go:299.3,299.34 1 0
github.com/AliyunContainerService/kube-eventer/sinks/dingtalk/dingtalk.go:296.21,298.4 1 0
github.com/AliyunContainerService/kube-eventer/sinks/elasticsearch/driver.go:56.84,72.40 2 2
github.com/AliyunContainerService/kube-eventer/sinks/elasticsearch/driver.go:76.2,77.20 2 2
github.com/AliyunContainerService/kube-eventer/sinks/elasticsearch/driver.go:72.40,75.3 2 0
github.com/AliyunContainerService/kube-eventer/sinks/elasticsearch/driver.go:80.80,83.42 3 2
github.com/AliyunContainerService/kube-eventer/sinks/elasticsearch/driver.go:93.2,94.16 2 2
github.com/AliyunContainerService/kube-eventer/sinks/elasticsearch/driver.go:83.42,85.17 2 2
github.com/AliyunContainerService/kube-eventer/sinks/elasticsearch/driver.go:88.3,89.17 2 2
github.com/AliyunContainerService/kube-eventer/sinks/elasticsearch/driver.go:85.17,87.4 1 0
github.com/AliyunContainerService/kube-eventer/sinks/elasticsearch/driver.go:89.17,91.4 1 0
github.com/AliyunContainerService/kube-eventer/sinks/elasticsearch/driver.go:94.16,96.3 1 0
github.com/AliyunContainerService/kube-eventer/sinks/elasticsearch/driver.go:99.46,101.2 1 0
github.com/AliyunContainerService/kube-eventer/sinks/elasticsearch/driver.go:103.40,105.2 0 0
github.com/AliyunContainerService/kube-eventer/sinks/elasticsearch/driver.go:107.71,110.16 3 0
github.com/AliyunContainerService/kube-eventer/sinks/elasticsearch/driver.go:115.2,116.71 2 0
github.com/AliyunContainerService/kube-eventer/sinks/elasticsearch/driver.go:119.2,119.34 1 0
github.com/AliyunContainerService/kube-eventer/sinks/elasticsearch/driver.go:123.2,124.21 2 0
github.com/AliyunContainerService/kube-eventer/sinks/elasticsearch/driver.go:110.16,113.3 2 0
github.com/AliyunContainerService/kube-eventer/sinks/elasticsearch/driver.go:116.71,118.3 1 0
github.com/AliyunContainerService/kube-eventer/sinks/elasticsearch/driver.go:119.34,121.3 1 0
github.com/AliyunContainerService/kube-eventer/sinks/honeycomb/driver.go:46.55,59.2 1 2
github.com/AliyunContainerService/kube-eventer/sinks/honeycomb/driver.go:61.76,65.42 4 2
github.com/AliyunContainerService/kube-eventer/sinks/honeycomb/driver.go:72.2,73.16 2 2
github.com/AliyunContainerService/kube-eventer/sinks/honeycomb/driver.go:65.42,71.3 2 2
github.com/AliyunContainerService/kube-eventer/sinks/honeycomb/driver.go:73.16,76.3 2 0
github.com/AliyunContainerService/kube-eventer/sinks/honeycomb/driver.go:79.36,79.37 0 0
github.com/AliyunContainerService/kube-eventer/sinks/honeycomb/driver.go:81.42,83.2 1 1
github.com/AliyunContainerService/kube-eventer/sinks/honeycomb/driver.go:85.67,87.16 2 1
github.com/AliyunContainerService/kube-eventer/sinks/honeycomb/driver.go:90.2,94.18 2 1
github.com/AliyunContainerService/kube-eventer/sinks/honeycomb/driver.go:87.16,89.3 1 0
github.com/AliyunContainerService/kube-eventer/sinks/influxdb/influxdb.go:53.45,57.2 3 0
github.com/AliyunContainerService/kube-eventer/sinks/influxdb/influxdb.go:60.59,63.16 2 2
github.com/AliyunContainerService/kube-eventer/sinks/influxdb/influxdb.go:66.2,66.27 1 2
github.com/AliyunContainerService/kube-eventer/sinks/influxdb/influxdb.go:63.16,65.3 1 0
github.com/AliyunContainerService/kube-eventer/sinks/influxdb/influxdb.go:69.77,80.40 2 0
github.com/AliyunContainerService/kube-eventer/sinks/influxdb/influxdb.go:83.2,90.20 8 0
github.com/AliyunContainerService/kube-eventer/sinks/influxdb/influxdb.go:80.40,82.3 1 0
github.com/AliyunContainerService/kube-eventer/sinks/influxdb/influxdb.go:93.67,95.16 2 2
github.com/AliyunContainerService/kube-eventer/sinks/influxdb/influxdb.go:99.2,109.40 2 2
github.com/AliyunContainerService/kube-eventer/sinks/influxdb/influxdb.go:113.2,114.20 2 2
github.com/AliyunContainerService/kube-eventer/sinks/influxdb/influxdb.go:95.16,97.3 1 0
github.com/AliyunContainerService/kube-eventer/sinks/influxdb/influxdb.go:109.40,112.3 2 0
github.com/AliyunContainerService/kube-eventer/sinks/influxdb/influxdb.go:117.69,122.42 4 2
github.com/AliyunContainerService/kube-eventer/sinks/influxdb/influxdb.go:142.2,142.26 1 2
github.com/AliyunContainerService/kube-eventer/sinks/influxdb/influxdb.go:122.42,125.24 3 2
github.com/AliyunContainerService/kube-eventer/sinks/influxdb/influxdb.go:130.3,130.17 1 2
github.com/AliyunContainerService/kube-eventer/sinks/influxdb/influxdb.go:134.3,137.42 3 2
github.com/AliyunContainerService/kube-eventer/sinks/influxdb/influxdb.go:125.24,127.4 1 0
github.com/AliyunContainerService/kube-eventer/sinks/influxdb/influxdb.go:127.9,129.4 1 2
github.com/AliyunContainerService/kube-eventer/sinks/influxdb/influxdb.go:130.17,132.4 1 0
github.com/AliyunContainerService/kube-eventer/sinks/influxdb/influxdb.go:137.42,140.4 2 0
github.com/AliyunContainerService/kube-eventer/sinks/influxdb/influxdb.go:142.26,144.3 1 2
github.com/AliyunContainerService/kube-eventer/sinks/influxdb/influxdb.go:147.65,148.46 1 2
github.com/AliyunContainerService/kube-eventer/sinks/influxdb/influxdb.go:152.2,159.49 3 2
github.com/AliyunContainerService/kube-eventer/sinks/influxdb/influxdb.go:168.2,169.88 2 2
github.com/AliyunContainerService/kube-eventer/sinks/influxdb/influxdb.go:148.46,151.3 2 0
github.com/AliyunContainerService/kube-eventer/sinks/influxdb/influxdb.go:159.49,161.53 2 0
github.com/AliyunContainerService/kube-eventer/sinks/influxdb/influxdb.go:161.53,163.4 1 0
github.com/AliyunContainerService/kube-eventer/sinks/influxdb/influxdb.go:163.9,163.57 1 0
github.com/AliyunContainerService/kube-eventer/sinks/influxdb/influxdb.go:163.57,166.4 2 0
github.com/AliyunContainerService/kube-eventer/sinks/influxdb/influxdb.go:172.41,174.2 1 1
github.com/AliyunContainerService/kube-eventer/sinks/influxdb/influxdb.go:176.35,178.2 0 0
github.com/AliyunContainerService/kube-eventer/sinks/influxdb/influxdb.go:180.50,181.24 1 2
github.com/AliyunContainerService/kube-eventer/sinks/influxdb/influxdb.go:189.2,189.19 1 2
github.com/AliyunContainerService/kube-eventer/sinks/influxdb/influxdb.go:193.2,197.51 2 2
github.com/AliyunContainerService/kube-eventer/sinks/influxdb/influxdb.go:207.2,209.12 3 2
github.com/AliyunContainerService/kube-eventer/sinks/influxdb/influxdb.go:181.24,183.17 2 0
github.com/AliyunContainerService/kube-eventer/sinks/influxdb/influxdb.go:186.3,186.23 1 0
github.com/AliyunContainerService/kube-eventer/sinks/influxdb/influxdb.go:183.17,185.4 1 0
github.com/AliyunContainerService/kube-eventer/sinks/influxdb/influxdb.go:189.19,191.3 1 0
github.com/AliyunContainerService/kube-eventer/sinks/influxdb/influxdb.go:197.51,199.97 1 0
github.com/AliyunContainerService/kube-eventer/sinks/influxdb/influxdb.go:199.97,201.18 2 0
github.com/AliyunContainerService/kube-eventer/sinks/influxdb/influxdb.go:201.18,203.5 1 0
github.com/AliyunContainerService/kube-eventer/sinks/influxdb/influxdb.go:212.57,217.51 2 0
github.com/AliyunContainerService/kube-eventer/sinks/influxdb/influxdb.go:224.2,225.12 2 0
github.com/AliyunContainerService/kube-eventer/sinks/influxdb/influxdb.go:217.51,219.96 1 0
github.com/AliyunContainerService/kube-eventer/sinks/influxdb/influxdb.go:219.96,221.4 1 0
github.com/AliyunContainerService/kube-eventer/sinks/influxdb/influxdb.go:229.63,231.16 2 1
github.com/AliyunContainerService/kube-eventer/sinks/influxdb/influxdb.go:234.2,237.3 1 1
github.com/AliyunContainerService/kube-eventer/sinks/influxdb/influxdb.go:231.16,233.3 1 0
github.com/AliyunContainerService/kube-eventer/sinks/influxdb/influxdb.go:240.63,242.16 2 1
github.com/AliyunContainerService/kube-eventer/sinks/influxdb/influxdb.go:245.2,247.18 3 1
github.com/AliyunContainerService/kube-eventer/sinks/influxdb/influxdb.go:242.16,244.3 1 0
github.com/AliyunContainerService/kube-eventer/sinks/kafka/driver.go:42.59,45.16 2 2
github.com/AliyunContainerService/kube-eventer/sinks/kafka/driver.go:48.2,48.27 1 2
github.com/AliyunContainerService/kube-eventer/sinks/kafka/driver.go:45.16,47.3 1 0
github.com/AliyunContainerService/kube-eventer/sinks/kafka/driver.go:51.67,53.16 2 2
github.com/AliyunContainerService/kube-eventer/sinks/kafka/driver.go:56.2,63.40 2 2
github.com/AliyunContainerService/kube-eventer/sinks/kafka/driver.go:67.2,68.20 2 2
github.com/AliyunContainerService/kube-eventer/sinks/kafka/driver.go:53.16,55.3 1 0
github.com/AliyunContainerService/kube-eventer/sinks/kafka/driver.go:63.40,66.3 2 0
github.com/AliyunContainerService/kube-eventer/sinks/kafka/driver.go:71.72,75.42 3 2
github.com/AliyunContainerService/kube-eventer/sinks/kafka/driver.go:75.42,77.17 2 2
github.com/AliyunContainerService/kube-eventer/sinks/kafka/driver.go:81.3,82.17 2 2
github.com/AliyunContainerService/kube-eventer/sinks/kafka/driver.go:77.17,79.4 1 0
github.com/AliyunContainerService/kube-eventer/sinks/kafka/driver.go:82.17,84.4 1 0
github.com/AliyunContainerService/kube-eventer/sinks/kafka/driver.go:88.63,90.16 2 0
github.com/AliyunContainerService/kube-eventer/sinks/kafka/driver.go:94.2,96.8 1 0
github.com/AliyunContainerService/kube-eventer/sinks/kafka/driver.go:90.16,92.3 1 0
github.com/AliyunContainerService/kube-eventer/sinks/log/log_sink.go:28.36,30.2 1 0
github.com/AliyunContainerService/kube-eventer/sinks/log/log_sink.go:32.30,34.2 0 0
github.com/AliyunContainerService/kube-eventer/sinks/log/log_sink.go:36.51,39.37 3 1
github.com/AliyunContainerService/kube-eventer/sinks/log/log_sink.go:42.2,42.24 1 1
github.com/AliyunContainerService/kube-eventer/sinks/log/log_sink.go:39.37,41.3 1 1
github.com/AliyunContainerService/kube-eventer/sinks/log/log_sink.go:45.59,47.2 1 0
github.com/AliyunContainerService/kube-eventer/sinks/log/log_sink.go:49.40,51.2 1 0
github.com/AliyunContainerService/kube-eventer/sinks/riemann/driver.go:39.62,41.16 2 0
github.com/AliyunContainerService/kube-eventer/sinks/riemann/driver.go:45.2,49.16 2 0
github.com/AliyunContainerService/kube-eventer/sinks/riemann/driver.go:41.16,44.3 2 0
github.com/AliyunContainerService/kube-eventer/sinks/riemann/driver.go:53.40,55.2 1 0
github.com/AliyunContainerService/kube-eventer/sinks/riemann/driver.go:57.33,59.2 1 0
github.com/AliyunContainerService/kube-eventer/sinks/riemann/driver.go:61.50,62.20 1 3
github.com/AliyunContainerService/kube-eventer/sinks/riemann/driver.go:63.16,64.14 1 1
github.com/AliyunContainerService/kube-eventer/sinks/riemann/driver.go:65.17,66.19 1 1
github.com/AliyunContainerService/kube-eventer/sinks/riemann/driver.go:67.10,68.19 1 1
github.com/AliyunContainerService/kube-eventer/sinks/riemann/driver.go:72.125,75.36 3 3
github.com/AliyunContainerService/kube-eventer/sinks/riemann/driver.go:78.2,78.35 1 3
github.com/AliyunContainerService/kube-eventer/sinks/riemann/driver.go:81.2,104.42 3 3
github.com/AliyunContainerService/kube-eventer/sinks/riemann/driver.go:113.2,113.15 1 3
github.com/AliyunContainerService/kube-eventer/sinks/riemann/driver.go:75.36,77.3 1 2
github.com/AliyunContainerService/kube-eventer/sinks/riemann/driver.go:78.35,80.3 1 2
github.com/AliyunContainerService/kube-eventer/sinks/riemann/driver.go:104.42,106.17 2 0
github.com/AliyunContainerService/kube-eventer/sinks/riemann/driver.go:111.3,111.15 1 0
github.com/AliyunContainerService/kube-eventer/sinks/riemann/driver.go:106.17,110.4 2 0
github.com/AliyunContainerService/kube-eventer/sinks/riemann/driver.go:116.68,120.24 3 2
github.com/AliyunContainerService/kube-eventer/sinks/riemann/driver.go:130.2,132.42 2 2
github.com/AliyunContainerService/kube-eventer/sinks/riemann/driver.go:138.2,138.21 1 2
github.com/AliyunContainerService/kube-eventer/sinks/riemann/driver.go:120.24,123.17 2 0
github.com/AliyunContainerService/kube-eventer/sinks/riemann/driver.go:127.3,127.23 1 0
github.com/AliyunContainerService/kube-eventer/sinks/riemann/driver.go:123.17,126.4 2 0
github.com/AliyunContainerService/kube-eventer/sinks/riemann/driver.go:132.42,136.3 2 3
github.com/AliyunContainerService/kube-eventer/sinks/riemann/driver.go:138.21,140.17 2 1
github.com/AliyunContainerService/kube-eventer/sinks/riemann/driver.go:145.3,145.15 1 1
github.com/AliyunContainerService/kube-eventer/sinks/riemann/driver.go:140.17,144.4 2 0
github.com/AliyunContainerService/kube-eventer/sinks/factory.go:37.71,38.17 1 0
github.com/AliyunContainerService/kube-eventer/sinks/factory.go:39.13,40.33 1 0
github.com/AliyunContainerService/kube-eventer/sinks/factory.go:41.18,42.47 1 0
github.com/AliyunContainerService/kube-eventer/sinks/factory.go:43.23,44.54 1 0
github.com/AliyunContainerService/kube-eventer/sinks/factory.go:45.15,46.38 1 0
github.com/AliyunContainerService/kube-eventer/sinks/factory.go:47.17,48.45 1 0
github.com/AliyunContainerService/kube-eventer/sinks/factory.go:49.19,50.46 1 0
github.com/AliyunContainerService/kube-eventer/sinks/factory.go:51.18,52.44 1 0
github.com/AliyunContainerService/kube-eventer/sinks/factory.go:53.13,54.34 1 0
github.com/AliyunContainerService/kube-eventer/sinks/factory.go:55.10,56.61 1 0
github.com/AliyunContainerService/kube-eventer/sinks/factory.go:60.69,62.27 2 0
github.com/AliyunContainerService/kube-eventer/sinks/factory.go:70.2,70.15 1 0
github.com/AliyunContainerService/kube-eventer/sinks/factory.go:62.27,64.17 2 0
github.com/AliyunContainerService/kube-eventer/sinks/factory.go:68.3,68.32 1 0
github.com/AliyunContainerService/kube-eventer/sinks/factory.go:64.17,66.12 2 0
github.com/AliyunContainerService/kube-eventer/sinks/factory.go:73.36,75.2 1 0
github.com/AliyunContainerService/kube-eventer/sinks/manager.go:44.13,46.2 1 1
github.com/AliyunContainerService/kube-eventer/sinks/manager.go:64.122,66.29 2 4
github.com/AliyunContainerService/kube-eventer/sinks/manager.go:88.2,92.8 1 4
github.com/AliyunContainerService/kube-eventer/sinks/manager.go:66.29,73.26 3 8
github.com/AliyunContainerService/kube-eventer/sinks/manager.go:73.26,74.8 1 8
github.com/AliyunContainerService/kube-eventer/sinks/manager.go:74.8,75.12 1 17
github.com/AliyunContainerService/kube-eventer/sinks/manager.go:76.41,77.27 1 12
github.com/AliyunContainerService/kube-eventer/sinks/manager.go:78.37,80.16 2 2
github.com/AliyunContainerService/kube-eventer/sinks/manager.go:80.16,83.7 2 2
github.com/AliyunContainerService/kube-eventer/sinks/manager.go:96.62,98.38 2 9
github.com/AliyunContainerService/kube-eventer/sinks/manager.go:113.2,113.11 1 9
github.com/AliyunContainerService/kube-eventer/sinks/manager.go:98.38,100.46 2 18
github.com/AliyunContainerService/kube-eventer/sinks/manager.go:100.46,103.11 3 18
github.com/AliyunContainerService/kube-eventer/sinks/manager.go:104.38,105.65 1 12
github.com/AliyunContainerService/kube-eventer/sinks/manager.go:107.48,108.71 1 6
github.com/AliyunContainerService/kube-eventer/sinks/manager.go:116.40,118.2 1 0
github.com/AliyunContainerService/kube-eventer/sinks/manager.go:120.33,121.38 1 1
github.com/AliyunContainerService/kube-eventer/sinks/manager.go:121.38,124.26 2 2
github.com/AliyunContainerService/kube-eventer/sinks/manager.go:124.26,125.11 1 2
github.com/AliyunContainerService/kube-eventer/sinks/manager.go:133.4,133.10 1 2
github.com/AliyunContainerService/kube-eventer/sinks/manager.go:126.32,128.61 1 2
github.com/AliyunContainerService/kube-eventer/sinks/manager.go:130.40,131.61 1 0
github.com/AliyunContainerService/kube-eventer/sinks/manager.go:138.54,140.15 2 12
github.com/AliyunContainerService/kube-eventer/sinks/manager.go:145.2,145.22 1 12
github.com/AliyunContainerService/kube-eventer/sinks/manager.go:140.15,144.3 1 9
